{
  "stats": {
    "suites": 1,
    "tests": 7,
    "passes": 7,
    "pending": 0,
    "failures": 0,
    "start": "2024-01-30T13:22:09.111Z",
    "end": "2024-01-30T13:22:09.416Z",
    "duration": 305,
    "testsRegistered": 7,
    "passPercent": 100,
    "pendingPercent": 0,
    "other": 0,
    "hasOther": false,
    "skipped": 0,
    "hasSkipped": false
  },
  "results": [
    {
      "uuid": "358ee0b1-af02-48f9-99d6-6b03c4bd1feb",
      "title": "",
      "fullFile": "cypress\\e2e\\produtos.cy.js",
      "file": "cypress\\e2e\\produtos.cy.js",
      "beforeHooks": [],
      "afterHooks": [],
      "tests": [],
      "suites": [
        {
          "uuid": "8f9e7b5e-48f7-474a-b568-e5d0a5933ec6",
          "title": "Testes da Funcionalidade Produtos",
          "fullFile": "",
          "file": "",
          "beforeHooks": [],
          "afterHooks": [],
          "tests": [
            {
              "title": "Deve validar contrato de produtos",
              "fullTitle": "Testes da Funcionalidade Produtos Deve validar contrato de produtos",
              "timedOut": null,
              "duration": 49,
              "state": "passed",
              "speed": "fast",
              "pass": true,
              "fail": false,
              "pending": false,
              "context": null,
              "code": "cy.request('produtos').then(response => {\n  return _produtos.default.validateAsync(response.body);\n});",
              "err": {},
              "uuid": "34f5326b-dc04-4124-a845-3ff06d33b36f",
              "parentUUID": "8f9e7b5e-48f7-474a-b568-e5d0a5933ec6",
              "isHook": false,
              "skipped": false
            },
            {
              "title": "Deve listar os produtos cadastrados",
              "fullTitle": "Testes da Funcionalidade Produtos Deve listar os produtos cadastrados",
              "timedOut": null,
              "duration": 22,
              "state": "passed",
              "speed": "fast",
              "pass": true,
              "fail": false,
              "pending": false,
              "context": null,
              "code": "cy.request({\n  method: 'GET',\n  url: 'produtos'\n}).then(response => {\n  //expect(response.body.produtos[9].nome).to.equal('Produto EBAC 436746')\n  expect(response.status).to.equal(200);\n  expect(response.body).to.have.property('produtos');\n  expect(response.duration).to.be.lessThan(20);\n});",
              "err": {},
              "uuid": "a7386f49-cab4-4175-a91b-4045a3604cb1",
              "parentUUID": "8f9e7b5e-48f7-474a-b568-e5d0a5933ec6",
              "isHook": false,
              "skipped": false
            },
            {
              "title": "Deve cadastrar um produto com sucesso",
              "fullTitle": "Testes da Funcionalidade Produtos Deve cadastrar um produto com sucesso",
              "timedOut": null,
              "duration": 23,
              "state": "passed",
              "speed": "fast",
              "pass": true,
              "fail": false,
              "pending": false,
              "context": null,
              "code": "let produto = `Produto EBAC ${Math.floor(Math.random() * 100000000)}`;\ncy.request({\n  method: 'POST',\n  url: 'produtos',\n  body: {\n    \"nome\": produto,\n    \"preco\": 200,\n    \"descricao\": \"Produto novo\",\n    \"quantidade\": 100\n  },\n  headers: {\n    authorization: token\n  }\n}).then(response => {\n  expect(response.status).to.equal(201);\n  expect(response.body.message).to.equal('Cadastro realizado com sucesso');\n});",
              "err": {},
              "uuid": "ab1da2fd-01f5-4c80-8c87-66790e90abf5",
              "parentUUID": "8f9e7b5e-48f7-474a-b568-e5d0a5933ec6",
              "isHook": false,
              "skipped": false
            },
            {
              "title": "Deve validar mensagem de erro ao cadastrar produto repetido",
              "fullTitle": "Testes da Funcionalidade Produtos Deve validar mensagem de erro ao cadastrar produto repetido",
              "timedOut": null,
              "duration": 18,
              "state": "passed",
              "speed": "fast",
              "pass": true,
              "fail": false,
              "pending": false,
              "context": null,
              "code": "cy.cadastrarProduto(token, 'Produto EBAC Novo 1', 250, \"Descrição do produto novo\", 180).then(response => {\n  expect(response.status).to.equal(400);\n  expect(response.body.message).to.equal('Já existe produto com esse nome');\n});",
              "err": {},
              "uuid": "4d9449b8-da98-41ab-85f2-32166a034ceb",
              "parentUUID": "8f9e7b5e-48f7-474a-b568-e5d0a5933ec6",
              "isHook": false,
              "skipped": false
            },
            {
              "title": "Deve editar um produto já cadastrado",
              "fullTitle": "Testes da Funcionalidade Produtos Deve editar um produto já cadastrado",
              "timedOut": null,
              "duration": 23,
              "state": "passed",
              "speed": "fast",
              "pass": true,
              "fail": false,
              "pending": false,
              "context": null,
              "code": "let produto = `Produto EBAC ${Math.floor(Math.random() * 100000000)}`;\ncy.request('produtos').then(response => {\n  let id = response.body.produtos[0]._id;\n  cy.request({\n    method: 'PUT',\n    url: `produtos/${id}`,\n    headers: {\n      authorization: token\n    },\n    body: {\n      \"nome\": `\"Produto Editado\" ${produto}`,\n      \"preco\": 100,\n      \"descricao\": \"Produto editado\",\n      \"quantidade\": 100\n    },\n    failOnStatusCode: false\n  }).then(response => {\n    expect(response.body.message).to.equal('Registro alterado com sucesso');\n  });\n});",
              "err": {},
              "uuid": "cd50e9bd-3f65-4e7e-a9e2-78a10b57e63a",
              "parentUUID": "8f9e7b5e-48f7-474a-b568-e5d0a5933ec6",
              "isHook": false,
              "skipped": false
            },
            {
              "title": "Deve editar um produto cadastrado previamente",
              "fullTitle": "Testes da Funcionalidade Produtos Deve editar um produto cadastrado previamente",
              "timedOut": null,
              "duration": 35,
              "state": "passed",
              "speed": "fast",
              "pass": true,
              "fail": false,
              "pending": false,
              "context": null,
              "code": "let produto = `Produto EBAC ${Math.floor(Math.random() * 100000000)}`;\ncy.cadastrarProduto(token, produto, 250, \"Descrição do produto novo\", 180).then(response => {\n  let id = response.body._id;\n  cy.request({\n    method: 'PUT',\n    url: `produtos/${id}`,\n    headers: {\n      authorization: token\n    },\n    body: {\n      \"nome\": produto,\n      \"preco\": 200,\n      \"descricao\": \"Produto editado\",\n      \"quantidade\": 300\n    }\n  }).then(response => {\n    expect(response.body.message).to.equal('Registro alterado com sucesso');\n  });\n});",
              "err": {},
              "uuid": "3e3184a1-c473-491a-9e55-e9a3ffd44121",
              "parentUUID": "8f9e7b5e-48f7-474a-b568-e5d0a5933ec6",
              "isHook": false,
              "skipped": false
            },
            {
              "title": "Deve deletar um produto previamente cadastrado",
              "fullTitle": "Testes da Funcionalidade Produtos Deve deletar um produto previamente cadastrado",
              "timedOut": null,
              "duration": 27,
              "state": "passed",
              "speed": "fast",
              "pass": true,
              "fail": false,
              "pending": false,
              "context": null,
              "code": "let produto = `Produto EBAC ${Math.floor(Math.random() * 100000000)}`;\ncy.cadastrarProduto(token, produto, 250, \"Descrição do produto novo\", 180).then(response => {\n  let id = response.body._id;\n  cy.request({\n    method: 'DELETE',\n    url: `produtos/${id}`,\n    headers: {\n      authorization: token\n    }\n  }).then(response => {\n    expect(response.body.message).to.equal('Registro excluído com sucesso');\n    expect(response.status).to.equal(200);\n  });\n});",
              "err": {},
              "uuid": "ac5e8a1d-39c7-4c70-8d37-bf6c32c108ae",
              "parentUUID": "8f9e7b5e-48f7-474a-b568-e5d0a5933ec6",
              "isHook": false,
              "skipped": false
            }
          ],
          "suites": [],
          "passes": [
            "34f5326b-dc04-4124-a845-3ff06d33b36f",
            "a7386f49-cab4-4175-a91b-4045a3604cb1",
            "ab1da2fd-01f5-4c80-8c87-66790e90abf5",
            "4d9449b8-da98-41ab-85f2-32166a034ceb",
            "cd50e9bd-3f65-4e7e-a9e2-78a10b57e63a",
            "3e3184a1-c473-491a-9e55-e9a3ffd44121",
            "ac5e8a1d-39c7-4c70-8d37-bf6c32c108ae"
          ],
          "failures": [],
          "pending": [],
          "skipped": [],
          "duration": 197,
          "root": false,
          "rootEmpty": false,
          "_timeout": 2000
        }
      ],
      "passes": [],
      "failures": [],
      "pending": [],
      "skipped": [],
      "duration": 0,
      "root": true,
      "rootEmpty": true,
      "_timeout": 2000
    }
  ],
  "meta": {
    "mocha": {
      "version": "7.0.1"
    },
    "mochawesome": {
      "options": {
        "quiet": false,
        "reportFilename": "mochawesome",
        "saveHtml": false,
        "saveJson": true,
        "consoleReporter": "spec",
        "useInlineDiffs": false,
        "code": true
      },
      "version": "7.1.3"
    },
    "marge": {
      "options": {
        "reportDir": "mochawesome-report",
        "overwrite": false,
        "html": false,
        "json": true
      },
      "version": "6.2.0"
    }
  }
}