{
  "stats": {
    "suites": 1,
    "tests": 6,
    "passes": 6,
    "pending": 0,
    "failures": 0,
    "start": "2024-01-30T14:22:46.430Z",
    "end": "2024-01-30T14:22:46.728Z",
    "duration": 298,
    "testsRegistered": 6,
    "passPercent": 100,
    "pendingPercent": 0,
    "other": 0,
    "hasOther": false,
    "skipped": 0,
    "hasSkipped": false
  },
  "results": [
    {
      "uuid": "64e7f796-b8f7-4f5f-a001-4f2897a9fcf2",
      "title": "",
      "fullFile": "cypress\\e2e\\exercicio-api.cy.js",
      "file": "cypress\\e2e\\exercicio-api.cy.js",
      "beforeHooks": [],
      "afterHooks": [],
      "tests": [],
      "suites": [
        {
          "uuid": "768c90bc-73bd-4682-b05b-c7e59c3a816b",
          "title": "Testes da Funcionalidade Usuários",
          "fullFile": "",
          "file": "",
          "beforeHooks": [],
          "afterHooks": [],
          "tests": [
            {
              "title": "Deve validar contrato de usuários",
              "fullTitle": "Testes da Funcionalidade Usuários Deve validar contrato de usuários",
              "timedOut": null,
              "duration": 69,
              "state": "passed",
              "speed": "fast",
              "pass": true,
              "fail": false,
              "pending": false,
              "context": null,
              "code": "cy.request('usuarios').then(response => {\n  return _usuarios.default.validateAsync(response.body);\n});",
              "err": {},
              "uuid": "0658d48c-67b9-443e-8710-4c333cf8e09e",
              "parentUUID": "768c90bc-73bd-4682-b05b-c7e59c3a816b",
              "isHook": false,
              "skipped": false
            },
            {
              "title": "Deve listar usuários cadastrados",
              "fullTitle": "Testes da Funcionalidade Usuários Deve listar usuários cadastrados",
              "timedOut": null,
              "duration": 27,
              "state": "passed",
              "speed": "fast",
              "pass": true,
              "fail": false,
              "pending": false,
              "context": null,
              "code": "cy.request({\n  method: 'GET',\n  url: 'usuarios'\n}).then(response => {\n  expect(response.status).to.equal(200);\n  expect(response.body).to.have.property('usuarios');\n  expect(response.duration).to.be.lessThan(20);\n});",
              "err": {},
              "uuid": "5c183917-5800-4ce8-b2e7-75ca94fdebf0",
              "parentUUID": "768c90bc-73bd-4682-b05b-c7e59c3a816b",
              "isHook": false,
              "skipped": false
            },
            {
              "title": "Deve cadastrar um usuário com sucesso",
              "fullTitle": "Testes da Funcionalidade Usuários Deve cadastrar um usuário com sucesso",
              "timedOut": null,
              "duration": 25,
              "state": "passed",
              "speed": "fast",
              "pass": true,
              "fail": false,
              "pending": false,
              "context": null,
              "code": "let usuario = `usuario` + `${Math.floor(Math.random() * 100000000)}`;\nlet email = `${usuario}@ebac.com.br`;\ncy.request({\n  method: 'POST',\n  url: 'usuarios',\n  headers: {\n    authorization: token\n  },\n  body: {\n    \"nome\": usuario,\n    \"email\": email,\n    \"password\": \"teste\",\n    \"administrador\": \"false\"\n  }\n}).then(response => {\n  expect(response.status).to.equal(201);\n  expect(response.body.message).to.equal('Cadastro realizado com sucesso');\n});",
              "err": {},
              "uuid": "5ae85e0d-813e-49ef-b8d1-867738963dd3",
              "parentUUID": "768c90bc-73bd-4682-b05b-c7e59c3a816b",
              "isHook": false,
              "skipped": false
            },
            {
              "title": "Deve validar um usuário com email inválido",
              "fullTitle": "Testes da Funcionalidade Usuários Deve validar um usuário com email inválido",
              "timedOut": null,
              "duration": 25,
              "state": "passed",
              "speed": "fast",
              "pass": true,
              "fail": false,
              "pending": false,
              "context": null,
              "code": "let usuario = `usuario` + `${Math.floor(Math.random() * 100000000)}`;\ncy.cadastrarUsuario(token, usuario, \"beltrano@qa.com.br\", \"teste\", \"false\").then(response => {\n  expect(response.status).to.equal(400);\n  expect(response.body.message).to.equal(\"Este email já está sendo usado\");\n});",
              "err": {},
              "uuid": "32f70a06-3f76-485d-8b75-8411ba36d4f9",
              "parentUUID": "768c90bc-73bd-4682-b05b-c7e59c3a816b",
              "isHook": false,
              "skipped": false
            },
            {
              "title": "Deve editar um usuário previamente cadastrado",
              "fullTitle": "Testes da Funcionalidade Usuários Deve editar um usuário previamente cadastrado",
              "timedOut": null,
              "duration": 30,
              "state": "passed",
              "speed": "fast",
              "pass": true,
              "fail": false,
              "pending": false,
              "context": null,
              "code": "let usuario = `usuario` + `${Math.floor(Math.random() * 100000000)}`;\nlet email = `${usuario}@ebac.com.br`;\ncy.cadastrarUsuario(token, usuario, email, \"teste\", \"false\").then(response => {\n  let id = response.body._id;\n  cy.request({\n    method: 'PUT',\n    url: `usuarios/${id}`,\n    headers: {\n      authorization: token\n    },\n    body: {\n      \"nome\": \"Usuário Editado\",\n      \"email\": email,\n      \"password\": \"teste\",\n      \"administrador\": \"false\"\n    }\n  }).then(response => {\n    expect(response.status).to.equal(200);\n    expect(response.body.message).to.equal(\"Registro alterado com sucesso\");\n  });\n});",
              "err": {},
              "uuid": "8db86419-14c3-4f8e-910f-66964b9176ab",
              "parentUUID": "768c90bc-73bd-4682-b05b-c7e59c3a816b",
              "isHook": false,
              "skipped": false
            },
            {
              "title": "Deve deletar um usuário previamente cadastrado",
              "fullTitle": "Testes da Funcionalidade Usuários Deve deletar um usuário previamente cadastrado",
              "timedOut": null,
              "duration": 29,
              "state": "passed",
              "speed": "fast",
              "pass": true,
              "fail": false,
              "pending": false,
              "context": null,
              "code": "let usuario = `usuario` + `${Math.floor(Math.random() * 100000000)}`;\nlet email = `${usuario}@ebac.com.br`;\ncy.cadastrarUsuario(token, usuario, email, \"teste\", \"false\").then(response => {\n  let id = response.body._id;\n  cy.request({\n    method: \"DELETE\",\n    url: `usuarios/${id}`,\n    headers: {\n      authorization: token\n    }\n  }).then(response => {\n    expect(response.status).to.equal(200);\n    expect(response.body.message).to.equal(\"Registro excluído com sucesso\");\n  });\n});",
              "err": {},
              "uuid": "b840813b-e4f4-4b9f-a5fc-fe49defeefd9",
              "parentUUID": "768c90bc-73bd-4682-b05b-c7e59c3a816b",
              "isHook": false,
              "skipped": false
            }
          ],
          "suites": [],
          "passes": [
            "0658d48c-67b9-443e-8710-4c333cf8e09e",
            "5c183917-5800-4ce8-b2e7-75ca94fdebf0",
            "5ae85e0d-813e-49ef-b8d1-867738963dd3",
            "32f70a06-3f76-485d-8b75-8411ba36d4f9",
            "8db86419-14c3-4f8e-910f-66964b9176ab",
            "b840813b-e4f4-4b9f-a5fc-fe49defeefd9"
          ],
          "failures": [],
          "pending": [],
          "skipped": [],
          "duration": 205,
          "root": false,
          "rootEmpty": false,
          "_timeout": 2000
        }
      ],
      "passes": [],
      "failures": [],
      "pending": [],
      "skipped": [],
      "duration": 0,
      "root": true,
      "rootEmpty": true,
      "_timeout": 2000
    }
  ],
  "meta": {
    "mocha": {
      "version": "7.0.1"
    },
    "mochawesome": {
      "options": {
        "quiet": false,
        "reportFilename": "mochawesome",
        "saveHtml": false,
        "saveJson": true,
        "consoleReporter": "spec",
        "useInlineDiffs": false,
        "code": true
      },
      "version": "7.1.3"
    },
    "marge": {
      "options": {
        "reportDir": "mochawesome-report",
        "overwrite": false,
        "html": false,
        "json": true
      },
      "version": "6.2.0"
    }
  }
}